


2025-09-01 11:07:42
================ Hyperparameters ===============
anormly_ratio: 1.0
batch_size: 256
d_model: 256
data_path: dataset/MSL
dataset: MSL
device_ids: [0, 1, 2, 3]
devices: 0,1,2,3
e_layers: 3
gpu: 1
index: 137
input_c: 55
k: 3
loss_fuc: MSE
lr: 0.0001
mode: train
model_save_path: checkpoints
n_heads: 1
num_epochs: 3
output_c: 55
patch_size: [5]
rec_timeseries: True
use_gpu: True
use_multi_gpu: True
win_size: 100
====================  Train  ===================



2025-09-01 11:08:00
================ Hyperparameters ===============
anormly_ratio: 1.0
batch_size: 256
d_model: 256
data_path: dataset/MSL
dataset: MSL
device_ids: [0, 1, 2, 3]
devices: 0,1,2,3
e_layers: 3
gpu: 1
index: 137
input_c: 55
k: 3
loss_fuc: MSE
lr: 0.0001
mode: train
model_save_path: checkpoints
n_heads: 1
num_epochs: 3
output_c: 55
patch_size: [5]
rec_timeseries: True
use_gpu: True
use_multi_gpu: True
win_size: 100
====================  Train  ===================
